Using pre-set license
Built from '2020.3/staging' branch; Version is '2020.3.0f1 (c7b5465681fb) revision 13088070'; Using compiler version '192528614'; Build Type 'Release'
OS: 'Windows 8.1  (6.3.0) 64bit' Language: 'en' Physical Memory: 16311 MB
BatchMode: 1, IsHumanControllingUs: 0, StartBugReporterOnCrash: 0, Is64bit: 1, IsPro: 0

 COMMAND LINE ARGUMENTS:
E:\Program Files\Unity\2020.3.0f1\Editor\Unity.exe
-adb2
-batchMode
-noUpm
-name
AssetImportWorker0
-projectPath
E:/Unity projects/Conflict
-logFile
Logs/AssetImportWorker0.log
-srvPort
59797
Successfully changed project path to: E:/Unity projects/Conflict
E:/Unity projects/Conflict
Using Asset Import Pipeline V2.
Refreshing native plugins compatible for Editor in 24.44 ms, found 0 plugins.
Preloading 0 native plugins for Editor in 0.00 ms.
Initialize engine version: 2020.3.0f1 (c7b5465681fb)
[Subsystems] Discovering subsystems at path E:/Program Files/Unity/2020.3.0f1/Editor/Data/Resources/UnitySubsystems
[Subsystems] Discovering subsystems at path E:/Unity projects/Conflict/Assets
GfxDevice: creating device client; threaded=0
d3d11: QueryInterface(IDXGIFactory5) failed (80004002).
Direct3D:
    Version:  Direct3D 11.0 [level 11.1]
    Renderer: AMD Radeon R9 200 Series (ID=0x67b0)
    Vendor:   
    VRAM:     8166 MB
    Driver:   22.19.162.4
Initialize mono
Mono path[0] = 'E:/Program Files/Unity/2020.3.0f1/Editor/Data/Managed'
Mono path[1] = 'E:/Program Files/Unity/2020.3.0f1/Editor/Data/MonoBleedingEdge/lib/mono/unityjit'
Mono config path = 'E:/Program Files/Unity/2020.3.0f1/Editor/Data/MonoBleedingEdge/etc'
Using monoOptions --debugger-agent=transport=dt_socket,embedding=1,server=y,suspend=n,address=127.0.0.1:56940
Begin MonoManager ReloadAssembly
Registering precompiled unity dll's ...
Register platform support module: E:/Program Files/Unity/2020.3.0f1/Editor/Data/PlaybackEngines/MacStandaloneSupport/UnityEditor.OSXStandalone.Extensions.dll
Register platform support module: E:/Program Files/Unity/2020.3.0f1/Editor/Data/PlaybackEngines/WindowsStandaloneSupport/UnityEditor.WindowsStandalone.Extensions.dll
Registered in 0.000879 seconds.
Native extension for WindowsStandalone target not found
Native extension for OSXStandalone target not found
Refreshing native plugins compatible for Editor in 25.41 ms, found 0 plugins.
Preloading 0 native plugins for Editor in 0.00 ms.
Invoked RoslynAnalysisRunner static constructor.
RoslynAnalysisRunner will not be running.
RoslynAnalysisRunner has terminated.
Mono: successfully reloaded assembly
- Completed reload, in  0.790 seconds
Platform modules already initialized, skipping
Registering precompiled user dll's ...
Registered in 0.001931 seconds.
Begin MonoManager ReloadAssembly
Native extension for WindowsStandalone target not found
Native extension for OSXStandalone target not found
Refreshing native plugins compatible for Editor in 0.30 ms, found 0 plugins.
Preloading 0 native plugins for Editor in 0.00 ms.
Invoked RoslynAnalysisRunner static constructor.
RoslynAnalysisRunner will not be running.
RoslynAnalysisRunner has terminated.
Find all reader and writers took 62 milliseconds
Script Module: UnityEngine.UI.dll
Weave behaviours and messages took53 milliseconds
Find all reader and writers took 43 milliseconds
Script Module: UnityEngine.TestRunner.dll
Weave behaviours and messages took16 milliseconds
Find all reader and writers took 38 milliseconds
Script Module: SimpleWebTransport.dll
Weave behaviours and messages took3 milliseconds
Find all reader and writers took 41 milliseconds
Script Module: Assembly-CSharp.dll
[Buff] NetworkBehaviourProcessor
[Card] NetworkBehaviourProcessor
[Card] NetworkBehaviourProcessor
[EquipCard] NetworkBehaviourProcessor
[Card] NetworkBehaviourProcessor
[OrdCard] NetworkBehaviourProcessor
[Card] NetworkBehaviourProcessor
[UnitCard] NetworkBehaviourProcessor
[GameGrid] NetworkBehaviourProcessor
[GameManager] NetworkBehaviourProcessor
[PlayerGhost] NetworkBehaviourProcessor
[StatHandler] NetworkBehaviourProcessor
[Tile] NetworkBehaviourProcessor
[Unit] NetworkBehaviourProcessor
Weave behaviours and messages took24 milliseconds
  ProcessSitesModule Assembly-CSharp.dll elapsed time:00:00:00.0090087
Find all reader and writers took 38 milliseconds
Script Module: Unity.Timeline.dll
Weave behaviours and messages took20 milliseconds
Find all reader and writers took 42 milliseconds
Script Module: Mirror.Components.dll
[NetworkAnimator] NetworkBehaviourProcessor
[NetworkRoomPlayer] NetworkBehaviourProcessor
[NetworkLobbyPlayer] NetworkBehaviourProcessor
[NetworkVisibility] NetworkBehaviourProcessor
[NetworkVisibility] Found NetworkBehaviour Mirror.NetworkVisibility
[NetworkVisibility] Process Start
[NetworkVisibility]   GenerateSerialization
[NetworkVisibility]   GenerateDeSerialization
[NetworkVisibility] Process Done
[NetworkMatchChecker] NetworkBehaviourProcessor
[NetworkVisibility] NetworkBehaviourProcessor
[NetworkOwnerChecker] NetworkBehaviourProcessor
[NetworkVisibility] NetworkBehaviourProcessor
[NetworkProximityChecker] NetworkBehaviourProcessor
[NetworkRoomPlayer] NetworkBehaviourProcessor
[NetworkVisibility] NetworkBehaviourProcessor
[NetworkSceneChecker] NetworkBehaviourProcessor
[NetworkTransformBase] NetworkBehaviourProcessor
[NetworkTransform] NetworkBehaviourProcessor
[NetworkTransformBase] NetworkBehaviourProcessor
[NetworkTransformBase] NetworkBehaviourProcessor
[NetworkTransformChild] NetworkBehaviourProcessor
[NetworkLerpRigidbody] NetworkBehaviourProcessor
[NetworkRigidbody] NetworkBehaviourProcessor
[NetworkRigidbody2D] NetworkBehaviourProcessor
[NetworkTransformBase] NetworkBehaviourProcessor
[NetworkTransform] NetworkBehaviourProcessor
[NetworkTransformBase] NetworkBehaviourProcessor
[NetworkTransformBase] NetworkBehaviourProcessor
[NetworkTransformChild] NetworkBehaviourProcessor
Weave behaviours and messages took25 milliseconds
  ProcessSitesModule Mirror.Components.dll elapsed time:00:00:00.0010012
Find all reader and writers took 44 milliseconds
Script Module: Mirror.Tests.Common.dll
Weave behaviours and messages took0 milliseconds
Find all reader and writers took 58 milliseconds
Script Module: Unity.TextMeshPro.dll
Weave behaviours and messages took54 milliseconds
Find all reader and writers took 37 milliseconds
Script Module: Mirror.Tests.Runtime.dll
Weave behaviours and messages took4 milliseconds
Find all reader and writers took 38 milliseconds
Script Module: Telepathy.dll
Weave behaviours and messages took1 milliseconds
Find all reader and writers took 43 milliseconds
Script Module: Mirror.Authenticators.dll
Weave behaviours and messages took10 milliseconds
  ProcessSitesModule Mirror.Authenticators.dll elapsed time:00:00:00
Find all reader and writers took 38 milliseconds
Script Module: kcp2k.dll
Weave behaviours and messages took2 milliseconds
Find all reader and writers took 41 milliseconds
Script Module: Mirror.Cloud.dll
Weave behaviours and messages took1 milliseconds
Find all reader and writers took 40 milliseconds
Script Module: Mirror.Tests.Performance.Runtime.dll
Weave behaviours and messages took0 milliseconds
Find all reader and writers took 38 milliseconds
Script Module: Assembly-CSharp-firstpass.dll
Weave behaviours and messages took1 milliseconds
Find all reader and writers took 61 milliseconds
Script Module: UnityEditor.TestRunner.dll
Weave behaviours and messages took26 milliseconds
Find all reader and writers took 61 milliseconds
Script Module: UnityEditor.UI.dll
Weave behaviours and messages took6 milliseconds
Find all reader and writers took 64 milliseconds
Script Module: Mirror.Tests.dll
[EmptyBehaviour] NetworkBehaviourProcessor
[SyncVarGameObjectEqualExposedBehaviour] NetworkBehaviourProcessor
[SyncVarNetworkIdentityEqualExposedBehaviour] NetworkBehaviourProcessor
[NetworkBehaviourSendCommandInternalComponent] NetworkBehaviourProcessor
[NetworkBehaviourSendRPCInternalComponent] NetworkBehaviourProcessor
[NetworkBehaviourSendTargetRPCInternalComponent] NetworkBehaviourProcessor
[NetworkBehaviourDelegateComponent] NetworkBehaviourProcessor
[NetworkBehaviourSetSyncVarGameObjectComponent] NetworkBehaviourProcessor
[NetworkBehaviourGetSyncVarGameObjectComponent] NetworkBehaviourProcessor
[NetworkBehaviourSetSyncVarNetworkIdentityComponent] NetworkBehaviourProcessor
[NetworkBehaviourGetSyncVarNetworkIdentityComponent] NetworkBehaviourProcessor
[NetworkBehaviourInitSyncObjectExposed] NetworkBehaviourProcessor
[OnStopClientComponent] NetworkBehaviourProcessor
[OnStartClientComponent] NetworkBehaviourProcessor
[OnStartLocalPlayerComponent] NetworkBehaviourProcessor
[NetworkBehaviourHookGuardTester] NetworkBehaviourProcessor
[NetworkBehaviourInitSyncObjectTester] NetworkBehaviourProcessor
[CommandTestNetworkBehaviour] NetworkBehaviourProcessor
[RpcTestNetworkBehaviour] NetworkBehaviourProcessor
[OnStartClientTestNetworkBehaviour] NetworkBehaviourProcessor
[OnStopClientTestNetworkBehaviour] NetworkBehaviourProcessor
[TestObjectBehaviour] NetworkBehaviourProcessor
[TestPlayerBehaviour] NetworkBehaviourProcessor
[HookBehaviour] NetworkBehaviourProcessor
[GameObjectHookBehaviour] NetworkBehaviourProcessor
[NetworkIdentityHookBehaviour] NetworkBehaviourProcessor
[NetworkBehaviourHookBehaviour] NetworkBehaviourProcessor
[StaticHookBehaviour] NetworkBehaviourProcessor
[VirtualHookBase] NetworkBehaviourProcessor
[VirtualHookBase] NetworkBehaviourProcessor
[VirtualOverrideHook] NetworkBehaviourProcessor
[AbstractHookBase] NetworkBehaviourProcessor
[AbstractHookBase] NetworkBehaviourProcessor
[AbstractHook] NetworkBehaviourProcessor
[MockPlayer] NetworkBehaviourProcessor
[SyncVarGameObject] NetworkBehaviourProcessor
[SyncVarNetworkIdentity] NetworkBehaviourProcessor
[SyncVarTransform] NetworkBehaviourProcessor
[SyncVarNetworkBehaviour] NetworkBehaviourProcessor
[AbstractBehaviour] NetworkBehaviourProcessor
[BehaviourWithSyncVar] NetworkBehaviourProcessor
[AbstractBehaviour] NetworkBehaviourProcessor
[OverrideBehaviourFromSyncVar] NetworkBehaviourProcessor
[AbstractBehaviour] NetworkBehaviourProcessor
[OverrideBehaviourWithSyncVarFromSyncVar] NetworkBehaviourProcessor
[AbstractBehaviour] NetworkBehaviourProcessor
[MiddleClass] NetworkBehaviourProcessor
[AbstractBehaviour] NetworkBehaviourProcessor
[MiddleClass] NetworkBehaviourProcessor
[SubClass] NetworkBehaviourProcessor
[AbstractBehaviour] NetworkBehaviourProcessor
[MiddleClassWithSyncVar] NetworkBehaviourProcessor
[AbstractBehaviour] NetworkBehaviourProcessor
[MiddleClassWithSyncVar] NetworkBehaviourProcessor
[SubClassFromSyncVar] NetworkBehaviourProcessor
[BehaviourWithSyncVarWithOnSerialize] NetworkBehaviourProcessor
[AbstractBehaviour] NetworkBehaviourProcessor
[OverrideBehaviourFromSyncVarWithOnSerialize] NetworkBehaviourProcessor
[AbstractBehaviour] NetworkBehaviourProcessor
[OverrideBehaviourWithSyncVarFromSyncVarWithOnSerialize] NetworkBehaviourProcessor
[AttributeBehaviour_NetworkBehaviour] NetworkBehaviourProcessor
[DataSenderBehaviour] NetworkBehaviourProcessor
[PayloadTestBehaviour] NetworkBehaviourProcessor
[BehaviourWithEvents] NetworkBehaviourProcessor
[VirtualClientRpc] NetworkBehaviourProcessor
[VirtualClientRpc] NetworkBehaviourProcessor
[VirtualNoOverrideClientRpc] NetworkBehaviourProcessor
[VirtualClientRpc] NetworkBehaviourProcessor
[VirtualOverrideClientRpc] NetworkBehaviourProcessor
[VirtualClientRpc] NetworkBehaviourProcessor
[VirtualOverrideClientRpcWithBase] NetworkBehaviourProcessor
[ClientRpcBehaviour] NetworkBehaviourProcessor
[ExcludeOwnerBehaviour] NetworkBehaviourProcessor
[VirtualCommand] NetworkBehaviourProcessor
[VirtualCommand] NetworkBehaviourProcessor
[VirtualNoOverrideCommand] NetworkBehaviourProcessor
[VirtualCommand] NetworkBehaviourProcessor
[VirtualOverrideCommand] NetworkBehaviourProcessor
[VirtualCommand] NetworkBehaviourProcessor
[VirtualOverrideCommandWithBase] NetworkBehaviourProcessor
[VirtualCommand] NetworkBehaviourProcessor
[VirtualOverrideCommandWithBase] NetworkBehaviourProcessor
[VirtualOverrideCommandWithBase2] NetworkBehaviourProcessor
[AuthorityBehaviour] NetworkBehaviourProcessor
[IgnoreAuthorityBehaviour] NetworkBehaviourProcessor
[SenderConnectionBehaviour] NetworkBehaviourProcessor
[SenderConnectionIgnoreAuthorityBehaviour] NetworkBehaviourProcessor
[ThrowBehaviour] NetworkBehaviourProcessor
[RpcNetworkIdentityBehaviour] NetworkBehaviourProcessor
[VirtualTargetRpc] NetworkBehaviourProcessor
[VirtualTargetRpc] NetworkBehaviourProcessor
[VirtualNoOverrideTargetRpc] NetworkBehaviourProcessor
[VirtualTargetRpc] NetworkBehaviourProcessor
[VirtualOverrideTargetRpc] NetworkBehaviourProcessor
[VirtualTargetRpc] NetworkBehaviourProcessor
[VirtualOverrideTargetRpcWithBase] NetworkBehaviourProcessor
[TargetRpcBehaviour] NetworkBehaviourProcessor
Weave behaviours and messages took100 milliseconds
  ProcessSitesModule Mirror.Tests.dll elapsed time:00:00:00.0070067
Find all reader and writers took 40 milliseconds
Script Module: WeaverTestExtraAssembly.dll
Weave behaviours and messages took6 milliseconds
  ProcessSitesModule WeaverTestExtraAssembly.dll elapsed time:00:00:00.0010010
Find all reader and writers took 48 milliseconds
Script Module: Mirror.CompilerSymbols.dll
Weave behaviours and messages took0 milliseconds
Mono: successfully reloaded assembly
- Completed reload, in  4.220 seconds
Platform modules already initialized, skipping
========================================================================
Worker process is ready to serve import requests
Launched and connected shader compiler UnityShaderCompiler.exe after 0.05 seconds
Refreshing native plugins compatible for Editor in 0.31 ms, found 0 plugins.
Preloading 0 native plugins for Editor in 0.00 ms.
Unloading 1534 Unused Serialized files (Serialized files now loaded: 0)
System memory in use before: 71.6 MB.
System memory in use after: 71.7 MB.

Unloading 18 unused Assets to reduce memory usage. Loaded Objects now: 1969.
Total: 2.922496 ms (FindLiveObjects: 0.179968 ms CreateObjectMapping: 0.088576 ms MarkObjects: 2.511616 ms  DeleteObjects: 0.141568 ms)

========================================================================
Received Import Request.
  path: Assets/ViewPipeline.cs
  artifactKey: Guid(da7e573fa66e0a640944c017c4d034a7) Importer(815301076,1909f56bfc062723c751e8b465ee728b)
Start importing Assets/ViewPipeline.cs using Guid(da7e573fa66e0a640944c017c4d034a7) Importer(815301076,1909f56bfc062723c751e8b465ee728b)  -> (artifact id: '205fb46c4e14a9b8a57500a169dac463') in 0.672593 seconds
  Import took 0.675076 seconds .

========================================================================
Received Prepare
Registering precompiled user dll's ...
Registered in 0.001808 seconds.
Begin MonoManager ReloadAssembly
Native extension for WindowsStandalone target not found
Native extension for OSXStandalone target not found
Refreshing native plugins compatible for Editor in 0.34 ms, found 0 plugins.
Preloading 0 native plugins for Editor in 0.00 ms.
Invoked RoslynAnalysisRunner static constructor.
RoslynAnalysisRunner will not be running.
RoslynAnalysisRunner has terminated.
Mono: successfully reloaded assembly
- Completed reload, in  0.695 seconds
Platform modules already initialized, skipping
Refreshing native plugins compatible for Editor in 0.31 ms, found 0 plugins.
Preloading 0 native plugins for Editor in 0.00 ms.
Unloading 1514 Unused Serialized files (Serialized files now loaded: 0)
System memory in use before: 70.4 MB.
System memory in use after: 70.5 MB.

Unloading 13 unused Assets to reduce memory usage. Loaded Objects now: 1972.
Total: 1.936128 ms (FindLiveObjects: 0.203008 ms CreateObjectMapping: 0.096512 ms MarkObjects: 1.541632 ms  DeleteObjects: 0.093696 ms)

========================================================================
Received Import Request.
  Time since last request: 1418.611014 seconds.
  path: Assets/ViewPipeline.cs
  artifactKey: Guid(da7e573fa66e0a640944c017c4d034a7) Importer(815301076,1909f56bfc062723c751e8b465ee728b)
Start importing Assets/ViewPipeline.cs using Guid(da7e573fa66e0a640944c017c4d034a7) Importer(815301076,1909f56bfc062723c751e8b465ee728b)  -> (artifact id: 'f16aa928b7f3ff72009f4fc1480caf27') in 0.011224 seconds
  Import took 0.015213 seconds .

========================================================================
Received Import Request.
  Time since last request: 0.000417 seconds.
  path: Assets/ViewPipeline.cs
  artifactKey: Guid(da7e573fa66e0a640944c017c4d034a7) Importer(815301076,1909f56bfc062723c751e8b465ee728b)
Start importing Assets/ViewPipeline.cs using Guid(da7e573fa66e0a640944c017c4d034a7) Importer(815301076,1909f56bfc062723c751e8b465ee728b)  -> (artifact id: 'f16aa928b7f3ff72009f4fc1480caf27') in 0.002967 seconds
  Import took 0.006009 seconds .

========================================================================
Received Prepare
Registering precompiled user dll's ...
Registered in 0.003323 seconds.
Begin MonoManager ReloadAssembly
Native extension for WindowsStandalone target not found
Native extension for OSXStandalone target not found
Refreshing native plugins compatible for Editor in 0.30 ms, found 0 plugins.
Preloading 0 native plugins for Editor in 0.00 ms.
Invoked RoslynAnalysisRunner static constructor.
RoslynAnalysisRunner will not be running.
RoslynAnalysisRunner has terminated.
Mono: successfully reloaded assembly
- Completed reload, in  0.678 seconds
Platform modules already initialized, skipping
Refreshing native plugins compatible for Editor in 0.30 ms, found 0 plugins.
Preloading 0 native plugins for Editor in 0.00 ms.
Unloading 1514 Unused Serialized files (Serialized files now loaded: 0)
System memory in use before: 70.5 MB.
System memory in use after: 70.6 MB.

Unloading 13 unused Assets to reduce memory usage. Loaded Objects now: 1975.
Total: 2.226176 ms (FindLiveObjects: 0.273152 ms CreateObjectMapping: 0.126208 ms MarkObjects: 1.747200 ms  DeleteObjects: 0.078592 ms)

========================================================================
Received Prepare
Registering precompiled user dll's ...
Registered in 0.001812 seconds.
Begin MonoManager ReloadAssembly
Native extension for WindowsStandalone target not found
Native extension for OSXStandalone target not found
Refreshing native plugins compatible for Editor in 0.34 ms, found 0 plugins.
Preloading 0 native plugins for Editor in 0.00 ms.
Invoked RoslynAnalysisRunner static constructor.
RoslynAnalysisRunner will not be running.
RoslynAnalysisRunner has terminated.
Mono: successfully reloaded assembly
- Completed reload, in  0.715 seconds
Platform modules already initialized, skipping
Refreshing native plugins compatible for Editor in 0.30 ms, found 0 plugins.
Preloading 0 native plugins for Editor in 0.00 ms.
Unloading 1514 Unused Serialized files (Serialized files now loaded: 0)
System memory in use before: 70.5 MB.
System memory in use after: 70.5 MB.

Unloading 13 unused Assets to reduce memory usage. Loaded Objects now: 1978.
Total: 1.736192 ms (FindLiveObjects: 0.212224 ms CreateObjectMapping: 0.102400 ms MarkObjects: 1.329920 ms  DeleteObjects: 0.090368 ms)

========================================================================
Received Prepare
Registering precompiled user dll's ...
Registered in 0.001976 seconds.
Begin MonoManager ReloadAssembly
Native extension for WindowsStandalone target not found
Native extension for OSXStandalone target not found
Refreshing native plugins compatible for Editor in 0.32 ms, found 0 plugins.
Preloading 0 native plugins for Editor in 0.00 ms.
Invoked RoslynAnalysisRunner static constructor.
RoslynAnalysisRunner will not be running.
RoslynAnalysisRunner has terminated.
Mono: successfully reloaded assembly
- Completed reload, in  0.684 seconds
Platform modules already initialized, skipping
Refreshing native plugins compatible for Editor in 0.31 ms, found 0 plugins.
Preloading 0 native plugins for Editor in 0.00 ms.
Unloading 1514 Unused Serialized files (Serialized files now loaded: 0)
System memory in use before: 70.5 MB.
System memory in use after: 70.6 MB.

Unloading 13 unused Assets to reduce memory usage. Loaded Objects now: 1981.
Total: 1.678080 ms (FindLiveObjects: 0.155136 ms CreateObjectMapping: 0.056576 ms MarkObjects: 1.382400 ms  DeleteObjects: 0.083200 ms)

========================================================================
Received Prepare
Registering precompiled user dll's ...
Registered in 0.001973 seconds.
Begin MonoManager ReloadAssembly
Native extension for WindowsStandalone target not found
Native extension for OSXStandalone target not found
Refreshing native plugins compatible for Editor in 0.31 ms, found 0 plugins.
Preloading 0 native plugins for Editor in 0.00 ms.
Invoked RoslynAnalysisRunner static constructor.
RoslynAnalysisRunner will not be running.
RoslynAnalysisRunner has terminated.
Mono: successfully reloaded assembly
- Completed reload, in  0.680 seconds
Platform modules already initialized, skipping
Refreshing native plugins compatible for Editor in 0.31 ms, found 0 plugins.
Preloading 0 native plugins for Editor in 0.00 ms.
Unloading 1514 Unused Serialized files (Serialized files now loaded: 0)
System memory in use before: 70.5 MB.
System memory in use after: 70.6 MB.

Unloading 13 unused Assets to reduce memory usage. Loaded Objects now: 1984.
Total: 1.913600 ms (FindLiveObjects: 0.188928 ms CreateObjectMapping: 0.056064 ms MarkObjects: 1.557504 ms  DeleteObjects: 0.109568 ms)

========================================================================
Received Prepare
Registering precompiled user dll's ...
Registered in 0.002082 seconds.
Begin MonoManager ReloadAssembly
Native extension for WindowsStandalone target not found
Native extension for OSXStandalone target not found
Refreshing native plugins compatible for Editor in 0.32 ms, found 0 plugins.
Preloading 0 native plugins for Editor in 0.00 ms.
Invoked RoslynAnalysisRunner static constructor.
RoslynAnalysisRunner will not be running.
RoslynAnalysisRunner has terminated.
Mono: successfully reloaded assembly
- Completed reload, in  0.875 seconds
Platform modules already initialized, skipping
Refreshing native plugins compatible for Editor in 0.31 ms, found 0 plugins.
Preloading 0 native plugins for Editor in 0.00 ms.
Unloading 1514 Unused Serialized files (Serialized files now loaded: 0)
System memory in use before: 70.5 MB.
System memory in use after: 70.6 MB.

Unloading 13 unused Assets to reduce memory usage. Loaded Objects now: 1987.
Total: 2.020864 ms (FindLiveObjects: 0.158464 ms CreateObjectMapping: 0.046592 ms MarkObjects: 1.742080 ms  DeleteObjects: 0.072704 ms)

========================================================================
Received Prepare
Registering precompiled user dll's ...
Registered in 0.002195 seconds.
Begin MonoManager ReloadAssembly
Native extension for WindowsStandalone target not found
Native extension for OSXStandalone target not found
Refreshing native plugins compatible for Editor in 0.35 ms, found 0 plugins.
Preloading 0 native plugins for Editor in 0.00 ms.
Invoked RoslynAnalysisRunner static constructor.
RoslynAnalysisRunner will not be running.
RoslynAnalysisRunner has terminated.
Mono: successfully reloaded assembly
- Completed reload, in  0.850 seconds
Platform modules already initialized, skipping
Refreshing native plugins compatible for Editor in 0.44 ms, found 0 plugins.
Preloading 0 native plugins for Editor in 0.00 ms.
Unloading 1514 Unused Serialized files (Serialized files now loaded: 0)
System memory in use before: 70.5 MB.
System memory in use after: 70.6 MB.

Unloading 13 unused Assets to reduce memory usage. Loaded Objects now: 1990.
Total: 1.731584 ms (FindLiveObjects: 0.189696 ms CreateObjectMapping: 0.056832 ms MarkObjects: 1.398784 ms  DeleteObjects: 0.085248 ms)

========================================================================
Received Prepare
Registering precompiled user dll's ...
Registered in 0.001862 seconds.
Begin MonoManager ReloadAssembly
Native extension for WindowsStandalone target not found
Native extension for OSXStandalone target not found
Refreshing native plugins compatible for Editor in 0.37 ms, found 0 plugins.
Preloading 0 native plugins for Editor in 0.00 ms.
Invoked RoslynAnalysisRunner static constructor.
RoslynAnalysisRunner will not be running.
RoslynAnalysisRunner has terminated.
Mono: successfully reloaded assembly
- Completed reload, in  0.677 seconds
Platform modules already initialized, skipping
Refreshing native plugins compatible for Editor in 0.31 ms, found 0 plugins.
Preloading 0 native plugins for Editor in 0.00 ms.
Unloading 1514 Unused Serialized files (Serialized files now loaded: 0)
System memory in use before: 70.5 MB.
System memory in use after: 70.6 MB.

Unloading 13 unused Assets to reduce memory usage. Loaded Objects now: 1993.
Total: 1.667584 ms (FindLiveObjects: 0.146688 ms CreateObjectMapping: 0.045824 ms MarkObjects: 1.411072 ms  DeleteObjects: 0.062464 ms)

========================================================================
Received Prepare
Registering precompiled user dll's ...
Registered in 0.001993 seconds.
Begin MonoManager ReloadAssembly
Native extension for WindowsStandalone target not found
Native extension for OSXStandalone target not found
Refreshing native plugins compatible for Editor in 0.45 ms, found 0 plugins.
Preloading 0 native plugins for Editor in 0.00 ms.
Invoked RoslynAnalysisRunner static constructor.
RoslynAnalysisRunner will not be running.
RoslynAnalysisRunner has terminated.
Mono: successfully reloaded assembly
- Completed reload, in  0.727 seconds
Platform modules already initialized, skipping
Refreshing native plugins compatible for Editor in 0.31 ms, found 0 plugins.
Preloading 0 native plugins for Editor in 0.00 ms.
Unloading 1514 Unused Serialized files (Serialized files now loaded: 0)
System memory in use before: 70.5 MB.
System memory in use after: 70.6 MB.

Unloading 13 unused Assets to reduce memory usage. Loaded Objects now: 1996.
Total: 1.955072 ms (FindLiveObjects: 0.233984 ms CreateObjectMapping: 0.057088 ms MarkObjects: 1.589248 ms  DeleteObjects: 0.073984 ms)

========================================================================
Received Prepare
Registering precompiled user dll's ...
Registered in 0.001935 seconds.
Begin MonoManager ReloadAssembly
Native extension for WindowsStandalone target not found
Native extension for OSXStandalone target not found
Refreshing native plugins compatible for Editor in 0.32 ms, found 0 plugins.
Preloading 0 native plugins for Editor in 0.00 ms.
Invoked RoslynAnalysisRunner static constructor.
RoslynAnalysisRunner will not be running.
RoslynAnalysisRunner has terminated.
Mono: successfully reloaded assembly
- Completed reload, in  0.679 seconds
Platform modules already initialized, skipping
Refreshing native plugins compatible for Editor in 0.31 ms, found 0 plugins.
Preloading 0 native plugins for Editor in 0.00 ms.
Unloading 1514 Unused Serialized files (Serialized files now loaded: 0)
System memory in use before: 70.5 MB.
System memory in use after: 70.6 MB.

Unloading 13 unused Assets to reduce memory usage. Loaded Objects now: 1999.
Total: 2.065920 ms (FindLiveObjects: 0.247296 ms CreateObjectMapping: 0.175616 ms MarkObjects: 1.579520 ms  DeleteObjects: 0.061952 ms)

========================================================================
Received Import Request.
  Time since last request: 5992.010702 seconds.
  path: Assets/CardMisc/UnitCard.cs
  artifactKey: Guid(28f658a7656fea047be7191f3fa9a030) Importer(815301076,1909f56bfc062723c751e8b465ee728b)
Start importing Assets/CardMisc/UnitCard.cs using Guid(28f658a7656fea047be7191f3fa9a030) Importer(815301076,1909f56bfc062723c751e8b465ee728b)  -> (artifact id: '26e4aa648266c2a6570bb173cd7bb334') in 0.026915 seconds
  Import took 0.029499 seconds .

========================================================================
Received Prepare
Registering precompiled user dll's ...
Registered in 0.002000 seconds.
Begin MonoManager ReloadAssembly
Native extension for WindowsStandalone target not found
Native extension for OSXStandalone target not found
Refreshing native plugins compatible for Editor in 0.31 ms, found 0 plugins.
Preloading 0 native plugins for Editor in 0.00 ms.
Invoked RoslynAnalysisRunner static constructor.
RoslynAnalysisRunner will not be running.
RoslynAnalysisRunner has terminated.
Mono: successfully reloaded assembly
- Completed reload, in  0.669 seconds
Platform modules already initialized, skipping
Refreshing native plugins compatible for Editor in 0.31 ms, found 0 plugins.
Preloading 0 native plugins for Editor in 0.00 ms.
Unloading 1514 Unused Serialized files (Serialized files now loaded: 0)
System memory in use before: 70.6 MB.
System memory in use after: 70.6 MB.

Unloading 13 unused Assets to reduce memory usage. Loaded Objects now: 2002.
Total: 1.853696 ms (FindLiveObjects: 0.141824 ms CreateObjectMapping: 0.066048 ms MarkObjects: 1.592064 ms  DeleteObjects: 0.052736 ms)

========================================================================
Received Prepare
Registering precompiled user dll's ...
Registered in 0.001879 seconds.
Begin MonoManager ReloadAssembly
Native extension for WindowsStandalone target not found
Native extension for OSXStandalone target not found
Refreshing native plugins compatible for Editor in 0.36 ms, found 0 plugins.
Preloading 0 native plugins for Editor in 0.00 ms.
Invoked RoslynAnalysisRunner static constructor.
RoslynAnalysisRunner will not be running.
RoslynAnalysisRunner has terminated.
Mono: successfully reloaded assembly
- Completed reload, in  0.744 seconds
Platform modules already initialized, skipping
Refreshing native plugins compatible for Editor in 0.31 ms, found 0 plugins.
Preloading 0 native plugins for Editor in 0.00 ms.
Unloading 1514 Unused Serialized files (Serialized files now loaded: 0)
System memory in use before: 70.5 MB.
System memory in use after: 70.6 MB.

Unloading 13 unused Assets to reduce memory usage. Loaded Objects now: 2005.
Total: 2.461952 ms (FindLiveObjects: 0.289024 ms CreateObjectMapping: 0.138496 ms MarkObjects: 1.953536 ms  DeleteObjects: 0.079360 ms)

========================================================================
Received Prepare
Registering precompiled user dll's ...
Registered in 0.001791 seconds.
Begin MonoManager ReloadAssembly
Native extension for WindowsStandalone target not found
Native extension for OSXStandalone target not found
Refreshing native plugins compatible for Editor in 0.32 ms, found 0 plugins.
Preloading 0 native plugins for Editor in 0.00 ms.
Invoked RoslynAnalysisRunner static constructor.
RoslynAnalysisRunner will not be running.
RoslynAnalysisRunner has terminated.
Mono: successfully reloaded assembly
- Completed reload, in  0.666 seconds
Platform modules already initialized, skipping
Refreshing native plugins compatible for Editor in 0.33 ms, found 0 plugins.
Preloading 0 native plugins for Editor in 0.00 ms.
Unloading 1514 Unused Serialized files (Serialized files now loaded: 0)
System memory in use before: 70.6 MB.
System memory in use after: 70.6 MB.

Unloading 13 unused Assets to reduce memory usage. Loaded Objects now: 2008.
Total: 1.937408 ms (FindLiveObjects: 0.230144 ms CreateObjectMapping: 0.054528 ms MarkObjects: 1.570048 ms  DeleteObjects: 0.081152 ms)

========================================================================
Received Prepare
Registering precompiled user dll's ...
Registered in 0.002240 seconds.
Begin MonoManager ReloadAssembly
Native extension for WindowsStandalone target not found
Native extension for OSXStandalone target not found
Refreshing native plugins compatible for Editor in 0.55 ms, found 0 plugins.
Preloading 0 native plugins for Editor in 0.00 ms.
Invoked RoslynAnalysisRunner static constructor.
RoslynAnalysisRunner will not be running.
RoslynAnalysisRunner has terminated.
Mono: successfully reloaded assembly
- Completed reload, in  0.675 seconds
Platform modules already initialized, skipping
Refreshing native plugins compatible for Editor in 0.30 ms, found 0 plugins.
Preloading 0 native plugins for Editor in 0.00 ms.
Unloading 1514 Unused Serialized files (Serialized files now loaded: 0)
System memory in use before: 70.6 MB.
System memory in use after: 70.6 MB.

Unloading 13 unused Assets to reduce memory usage. Loaded Objects now: 2011.
Total: 1.629952 ms (FindLiveObjects: 0.144896 ms CreateObjectMapping: 0.045568 ms MarkObjects: 1.359616 ms  DeleteObjects: 0.079104 ms)

========================================================================
Received Prepare
Refreshing native plugins compatible for Editor in 1.70 ms, found 0 plugins.
Preloading 0 native plugins for Editor in 0.00 ms.
Unloading 11 Unused Serialized files (Serialized files now loaded: 0)
System memory in use before: 40.5 MB.
System memory in use after: 40.6 MB.

Unloading 11 unused Assets to reduce memory usage. Loaded Objects now: 2011.
Total: 1.907456 ms (FindLiveObjects: 0.216576 ms CreateObjectMapping: 0.052480 ms MarkObjects: 1.558016 ms  DeleteObjects: 0.079360 ms)

========================================================================
Received Prepare
Registering precompiled user dll's ...
Registered in 0.004089 seconds.
Begin MonoManager ReloadAssembly
Native extension for WindowsStandalone target not found
Native extension for OSXStandalone target not found
Refreshing native plugins compatible for Editor in 0.32 ms, found 0 plugins.
Preloading 0 native plugins for Editor in 0.00 ms.
Invoked RoslynAnalysisRunner static constructor.
RoslynAnalysisRunner will not be running.
RoslynAnalysisRunner has terminated.
Mono: successfully reloaded assembly
- Completed reload, in  0.829 seconds
Platform modules already initialized, skipping
Refreshing native plugins compatible for Editor in 0.31 ms, found 0 plugins.
Preloading 0 native plugins for Editor in 0.00 ms.
Unloading 1514 Unused Serialized files (Serialized files now loaded: 0)
System memory in use before: 70.5 MB.
System memory in use after: 70.6 MB.

Unloading 13 unused Assets to reduce memory usage. Loaded Objects now: 2014.
Total: 2.632448 ms (FindLiveObjects: 0.281600 ms CreateObjectMapping: 0.062720 ms MarkObjects: 2.212864 ms  DeleteObjects: 0.073728 ms)

========================================================================
Received Prepare
Registering precompiled user dll's ...
Registered in 0.002062 seconds.
Begin MonoManager ReloadAssembly
Native extension for WindowsStandalone target not found
Native extension for OSXStandalone target not found
Refreshing native plugins compatible for Editor in 0.34 ms, found 0 plugins.
Preloading 0 native plugins for Editor in 0.00 ms.
Invoked RoslynAnalysisRunner static constructor.
RoslynAnalysisRunner will not be running.
RoslynAnalysisRunner has terminated.
Mono: successfully reloaded assembly
- Completed reload, in  0.665 seconds
Platform modules already initialized, skipping
Refreshing native plugins compatible for Editor in 0.33 ms, found 0 plugins.
Preloading 0 native plugins for Editor in 0.00 ms.
Unloading 1514 Unused Serialized files (Serialized files now loaded: 0)
System memory in use before: 70.6 MB.
System memory in use after: 70.7 MB.

Unloading 13 unused Assets to reduce memory usage. Loaded Objects now: 2017.
Total: 2.555392 ms (FindLiveObjects: 0.236544 ms CreateObjectMapping: 0.138240 ms MarkObjects: 2.089216 ms  DeleteObjects: 0.089856 ms)

========================================================================
Received Prepare
Registering precompiled user dll's ...
Registered in 0.001903 seconds.
Begin MonoManager ReloadAssembly
Native extension for WindowsStandalone target not found
Native extension for OSXStandalone target not found
Refreshing native plugins compatible for Editor in 0.31 ms, found 0 plugins.
Preloading 0 native plugins for Editor in 0.00 ms.
Invoked RoslynAnalysisRunner static constructor.
RoslynAnalysisRunner will not be running.
RoslynAnalysisRunner has terminated.
Mono: successfully reloaded assembly
- Completed reload, in  0.668 seconds
Platform modules already initialized, skipping
Refreshing native plugins compatible for Editor in 0.31 ms, found 0 plugins.
Preloading 0 native plugins for Editor in 0.00 ms.
Unloading 1514 Unused Serialized files (Serialized files now loaded: 0)
System memory in use before: 70.6 MB.
System memory in use after: 70.7 MB.

Unloading 13 unused Assets to reduce memory usage. Loaded Objects now: 2020.
Total: 2.014464 ms (FindLiveObjects: 0.187136 ms CreateObjectMapping: 0.092160 ms MarkObjects: 1.659648 ms  DeleteObjects: 0.075008 ms)

========================================================================
Received Prepare
Refreshing native plugins compatible for Editor in 1.81 ms, found 0 plugins.
Preloading 0 native plugins for Editor in 0.00 ms.
Unloading 11 Unused Serialized files (Serialized files now loaded: 0)
System memory in use before: 40.6 MB.
System memory in use after: 40.6 MB.

Unloading 11 unused Assets to reduce memory usage. Loaded Objects now: 2020.
Total: 1.822208 ms (FindLiveObjects: 0.189440 ms CreateObjectMapping: 0.046080 ms MarkObjects: 1.523968 ms  DeleteObjects: 0.061696 ms)

========================================================================
Received Prepare
Registering precompiled user dll's ...
Registered in 0.002157 seconds.
Begin MonoManager ReloadAssembly
Native extension for WindowsStandalone target not found
Native extension for OSXStandalone target not found
Refreshing native plugins compatible for Editor in 0.32 ms, found 0 plugins.
Preloading 0 native plugins for Editor in 0.00 ms.
Invoked RoslynAnalysisRunner static constructor.
RoslynAnalysisRunner will not be running.
RoslynAnalysisRunner has terminated.
Mono: successfully reloaded assembly
- Completed reload, in  0.816 seconds
Platform modules already initialized, skipping
Refreshing native plugins compatible for Editor in 0.31 ms, found 0 plugins.
Preloading 0 native plugins for Editor in 0.00 ms.
Unloading 1514 Unused Serialized files (Serialized files now loaded: 0)
System memory in use before: 70.5 MB.
System memory in use after: 70.6 MB.

Unloading 13 unused Assets to reduce memory usage. Loaded Objects now: 2023.
Total: 2.508288 ms (FindLiveObjects: 0.191488 ms CreateObjectMapping: 0.060160 ms MarkObjects: 2.199040 ms  DeleteObjects: 0.056064 ms)

========================================================================
Received Prepare
Registering precompiled user dll's ...
Registered in 0.001800 seconds.
Begin MonoManager ReloadAssembly
Native extension for WindowsStandalone target not found
Native extension for OSXStandalone target not found
Refreshing native plugins compatible for Editor in 0.31 ms, found 0 plugins.
Preloading 0 native plugins for Editor in 0.00 ms.
Invoked RoslynAnalysisRunner static constructor.
RoslynAnalysisRunner will not be running.
RoslynAnalysisRunner has terminated.
Mono: successfully reloaded assembly
- Completed reload, in  0.673 seconds
Platform modules already initialized, skipping
Refreshing native plugins compatible for Editor in 0.34 ms, found 0 plugins.
Preloading 0 native plugins for Editor in 0.00 ms.
Unloading 1514 Unused Serialized files (Serialized files now loaded: 0)
System memory in use before: 70.6 MB.
System memory in use after: 70.7 MB.

Unloading 13 unused Assets to reduce memory usage. Loaded Objects now: 2026.
Total: 2.379776 ms (FindLiveObjects: 0.242688 ms CreateObjectMapping: 0.109568 ms MarkObjects: 1.939200 ms  DeleteObjects: 0.087296 ms)

========================================================================
Received Prepare
Registering precompiled user dll's ...
Registered in 0.001955 seconds.
Begin MonoManager ReloadAssembly
Native extension for WindowsStandalone target not found
Native extension for OSXStandalone target not found
Refreshing native plugins compatible for Editor in 0.31 ms, found 0 plugins.
Preloading 0 native plugins for Editor in 0.00 ms.
Invoked RoslynAnalysisRunner static constructor.
RoslynAnalysisRunner will not be running.
RoslynAnalysisRunner has terminated.
Mono: successfully reloaded assembly
- Completed reload, in  0.668 seconds
Platform modules already initialized, skipping
Refreshing native plugins compatible for Editor in 0.31 ms, found 0 plugins.
Preloading 0 native plugins for Editor in 0.00 ms.
Unloading 1514 Unused Serialized files (Serialized files now loaded: 0)
System memory in use before: 70.6 MB.
System memory in use after: 70.7 MB.

Unloading 13 unused Assets to reduce memory usage. Loaded Objects now: 2029.
Total: 2.335744 ms (FindLiveObjects: 0.213504 ms CreateObjectMapping: 0.098560 ms MarkObjects: 1.934336 ms  DeleteObjects: 0.088832 ms)

========================================================================
Received Prepare
Registering precompiled user dll's ...
Registered in 0.001879 seconds.
Begin MonoManager ReloadAssembly
Native extension for WindowsStandalone target not found
Native extension for OSXStandalone target not found
Refreshing native plugins compatible for Editor in 0.32 ms, found 0 plugins.
Preloading 0 native plugins for Editor in 0.00 ms.
Invoked RoslynAnalysisRunner static constructor.
RoslynAnalysisRunner will not be running.
RoslynAnalysisRunner has terminated.
Mono: successfully reloaded assembly
- Completed reload, in  0.681 seconds
Platform modules already initialized, skipping
Refreshing native plugins compatible for Editor in 0.33 ms, found 0 plugins.
Preloading 0 native plugins for Editor in 0.00 ms.
Unloading 1514 Unused Serialized files (Serialized files now loaded: 0)
System memory in use before: 70.6 MB.
System memory in use after: 70.6 MB.

Unloading 13 unused Assets to reduce memory usage. Loaded Objects now: 2032.
Total: 2.321920 ms (FindLiveObjects: 0.280576 ms CreateObjectMapping: 0.161280 ms MarkObjects: 1.817856 ms  DeleteObjects: 0.061440 ms)

========================================================================
Received Prepare
Registering precompiled user dll's ...
Registered in 0.002385 seconds.
Begin MonoManager ReloadAssembly
Native extension for WindowsStandalone target not found
Native extension for OSXStandalone target not found
Refreshing native plugins compatible for Editor in 0.35 ms, found 0 plugins.
Preloading 0 native plugins for Editor in 0.00 ms.
Invoked RoslynAnalysisRunner static constructor.
RoslynAnalysisRunner will not be running.
RoslynAnalysisRunner has terminated.
Mono: successfully reloaded assembly
- Completed reload, in  0.907 seconds
Platform modules already initialized, skipping
Refreshing native plugins compatible for Editor in 0.35 ms, found 0 plugins.
Preloading 0 native plugins for Editor in 0.00 ms.
Unloading 1514 Unused Serialized files (Serialized files now loaded: 0)
System memory in use before: 70.6 MB.
System memory in use after: 70.7 MB.

Unloading 13 unused Assets to reduce memory usage. Loaded Objects now: 2035.
Total: 1.808896 ms (FindLiveObjects: 0.210432 ms CreateObjectMapping: 0.055296 ms MarkObjects: 1.491712 ms  DeleteObjects: 0.050432 ms)

========================================================================
Received Prepare
Registering precompiled user dll's ...
Registered in 0.001806 seconds.
Begin MonoManager ReloadAssembly
Native extension for WindowsStandalone target not found
Native extension for OSXStandalone target not found
Refreshing native plugins compatible for Editor in 0.31 ms, found 0 plugins.
Preloading 0 native plugins for Editor in 0.00 ms.
Invoked RoslynAnalysisRunner static constructor.
RoslynAnalysisRunner will not be running.
RoslynAnalysisRunner has terminated.
Mono: successfully reloaded assembly
- Completed reload, in  0.682 seconds
Platform modules already initialized, skipping
Refreshing native plugins compatible for Editor in 0.31 ms, found 0 plugins.
Preloading 0 native plugins for Editor in 0.00 ms.
Unloading 1514 Unused Serialized files (Serialized files now loaded: 0)
System memory in use before: 70.6 MB.
System memory in use after: 70.7 MB.

Unloading 13 unused Assets to reduce memory usage. Loaded Objects now: 2038.
Total: 1.613568 ms (FindLiveObjects: 0.165376 ms CreateObjectMapping: 0.047360 ms MarkObjects: 1.322496 ms  DeleteObjects: 0.077568 ms)

========================================================================
Received Prepare
Refreshing native plugins compatible for Editor in 1.80 ms, found 0 plugins.
Preloading 0 native plugins for Editor in 0.00 ms.
Unloading 11 Unused Serialized files (Serialized files now loaded: 0)
System memory in use before: 40.6 MB.
System memory in use after: 40.7 MB.

Unloading 11 unused Assets to reduce memory usage. Loaded Objects now: 2038.
Total: 1.945600 ms (FindLiveObjects: 0.202496 ms CreateObjectMapping: 0.065536 ms MarkObjects: 1.597440 ms  DeleteObjects: 0.078592 ms)

========================================================================
Received Prepare
Registering precompiled user dll's ...
Registered in 0.002193 seconds.
Begin MonoManager ReloadAssembly
Native extension for WindowsStandalone target not found
Native extension for OSXStandalone target not found
Refreshing native plugins compatible for Editor in 0.36 ms, found 0 plugins.
Preloading 0 native plugins for Editor in 0.00 ms.
Invoked RoslynAnalysisRunner static constructor.
RoslynAnalysisRunner will not be running.
RoslynAnalysisRunner has terminated.
Mono: successfully reloaded assembly
- Completed reload, in  0.890 seconds
Platform modules already initialized, skipping
Refreshing native plugins compatible for Editor in 0.40 ms, found 0 plugins.
Preloading 0 native plugins for Editor in 0.00 ms.
Unloading 1514 Unused Serialized files (Serialized files now loaded: 0)
System memory in use before: 70.6 MB.
System memory in use after: 70.7 MB.

Unloading 13 unused Assets to reduce memory usage. Loaded Objects now: 2041.
Total: 2.374400 ms (FindLiveObjects: 0.254464 ms CreateObjectMapping: 0.122368 ms MarkObjects: 1.921024 ms  DeleteObjects: 0.075264 ms)

========================================================================
Received Import Request.
  Time since last request: 3076.278607 seconds.
  path: Assets/resources/Units/Sheep.prefab
  artifactKey: Guid(0cdcf9e663a70564baebd6f7be1c38e4) Importer(815301076,1909f56bfc062723c751e8b465ee728b)
Start importing Assets/resources/Units/Sheep.prefab using Guid(0cdcf9e663a70564baebd6f7be1c38e4) Importer(815301076,1909f56bfc062723c751e8b465ee728b)  -> (artifact id: '3ec07234324005f18b8a18af4921c8c5') in 0.127105 seconds
  Import took 0.129757 seconds .

========================================================================
Received Prepare
Registering precompiled user dll's ...
Registered in 0.001845 seconds.
Begin MonoManager ReloadAssembly
Native extension for WindowsStandalone target not found
Native extension for OSXStandalone target not found
Refreshing native plugins compatible for Editor in 0.31 ms, found 0 plugins.
Preloading 0 native plugins for Editor in 0.00 ms.
Invoked RoslynAnalysisRunner static constructor.
RoslynAnalysisRunner will not be running.
RoslynAnalysisRunner has terminated.
Mono: successfully reloaded assembly
- Completed reload, in  0.691 seconds
Platform modules already initialized, skipping
Refreshing native plugins compatible for Editor in 0.32 ms, found 0 plugins.
Preloading 0 native plugins for Editor in 0.00 ms.
Unloading 1514 Unused Serialized files (Serialized files now loaded: 0)
System memory in use before: 73.7 MB.
System memory in use after: 73.8 MB.

Unloading 13 unused Assets to reduce memory usage. Loaded Objects now: 2052.
Total: 2.281216 ms (FindLiveObjects: 0.217344 ms CreateObjectMapping: 0.097792 ms MarkObjects: 1.884416 ms  DeleteObjects: 0.080896 ms)

========================================================================
Received Prepare
Registering precompiled user dll's ...
Registered in 0.001784 seconds.
Begin MonoManager ReloadAssembly
Native extension for WindowsStandalone target not found
Native extension for OSXStandalone target not found
Refreshing native plugins compatible for Editor in 0.30 ms, found 0 plugins.
Preloading 0 native plugins for Editor in 0.00 ms.
Invoked RoslynAnalysisRunner static constructor.
RoslynAnalysisRunner will not be running.
RoslynAnalysisRunner has terminated.
Mono: successfully reloaded assembly
- Completed reload, in  0.675 seconds
Platform modules already initialized, skipping
Refreshing native plugins compatible for Editor in 0.30 ms, found 0 plugins.
Preloading 0 native plugins for Editor in 0.00 ms.
Unloading 1514 Unused Serialized files (Serialized files now loaded: 0)
System memory in use before: 73.7 MB.
System memory in use after: 73.8 MB.

Unloading 13 unused Assets to reduce memory usage. Loaded Objects now: 2055.
Total: 1.948672 ms (FindLiveObjects: 0.184064 ms CreateObjectMapping: 0.054784 ms MarkObjects: 1.602560 ms  DeleteObjects: 0.106240 ms)

========================================================================
Received Import Request.
  Time since last request: 1217.997612 seconds.
  path: Assets/Cardmaker.cs
  artifactKey: Guid(e4d514f8aa622bc47a6c33ea12526077) Importer(815301076,1909f56bfc062723c751e8b465ee728b)
Start importing Assets/Cardmaker.cs using Guid(e4d514f8aa622bc47a6c33ea12526077) Importer(815301076,1909f56bfc062723c751e8b465ee728b)  -> (artifact id: '0489198e2e1e4ff15160e8307187be6f') in 0.019577 seconds
  Import took 0.022978 seconds .

========================================================================
Received Import Request.
  Time since last request: 0.000675 seconds.
  path: Assets/Cardmaker.cs
  artifactKey: Guid(e4d514f8aa622bc47a6c33ea12526077) Importer(815301076,1909f56bfc062723c751e8b465ee728b)
Start importing Assets/Cardmaker.cs using Guid(e4d514f8aa622bc47a6c33ea12526077) Importer(815301076,1909f56bfc062723c751e8b465ee728b)  -> (artifact id: '0489198e2e1e4ff15160e8307187be6f') in 0.003151 seconds
  Import took 0.006029 seconds .

========================================================================
Received Prepare
Registering precompiled user dll's ...
Registered in 0.001862 seconds.
Begin MonoManager ReloadAssembly
Native extension for WindowsStandalone target not found
Native extension for OSXStandalone target not found
Refreshing native plugins compatible for Editor in 0.32 ms, found 0 plugins.
Preloading 0 native plugins for Editor in 0.00 ms.
Invoked RoslynAnalysisRunner static constructor.
RoslynAnalysisRunner will not be running.
RoslynAnalysisRunner has terminated.
Mono: successfully reloaded assembly
- Completed reload, in  0.764 seconds
Platform modules already initialized, skipping
Refreshing native plugins compatible for Editor in 0.34 ms, found 0 plugins.
Preloading 0 native plugins for Editor in 0.00 ms.
Unloading 1515 Unused Serialized files (Serialized files now loaded: 0)
System memory in use before: 73.8 MB.
System memory in use after: 73.9 MB.

Unloading 13 unused Assets to reduce memory usage. Loaded Objects now: 2059.
Total: 2.396928 ms (FindLiveObjects: 0.304128 ms CreateObjectMapping: 0.093696 ms MarkObjects: 1.896192 ms  DeleteObjects: 0.100864 ms)

========================================================================
Received Import Request.
  Time since last request: 136.348990 seconds.
  path: Assets/CardMisc/Card.cs
  artifactKey: Guid(0734e74542901944b9deec0e9a0f2bcd) Importer(815301076,1909f56bfc062723c751e8b465ee728b)
Start importing Assets/CardMisc/Card.cs using Guid(0734e74542901944b9deec0e9a0f2bcd) Importer(815301076,1909f56bfc062723c751e8b465ee728b)  -> (artifact id: 'f768b91302a8d574c4630f884d8c78f2') in 0.023941 seconds
  Import took 0.026990 seconds .

========================================================================
Received Import Request.
  Time since last request: 0.001426 seconds.
  path: Assets/CardMisc/Card.cs
  artifactKey: Guid(0734e74542901944b9deec0e9a0f2bcd) Importer(815301076,1909f56bfc062723c751e8b465ee728b)
Start importing Assets/CardMisc/Card.cs using Guid(0734e74542901944b9deec0e9a0f2bcd) Importer(815301076,1909f56bfc062723c751e8b465ee728b)  -> (artifact id: 'f768b91302a8d574c4630f884d8c78f2') in 0.003649 seconds
  Import took 0.006469 seconds .

========================================================================
Received Import Request.
  Time since last request: 73.305857 seconds.
  path: Assets/CardMisc/Card.cs
  artifactKey: Guid(0734e74542901944b9deec0e9a0f2bcd) Importer(815301076,1909f56bfc062723c751e8b465ee728b)
Start importing Assets/CardMisc/Card.cs using Guid(0734e74542901944b9deec0e9a0f2bcd) Importer(815301076,1909f56bfc062723c751e8b465ee728b)  -> (artifact id: '097dd75e2c1249a585ad97d1e904cb62') in 0.003443 seconds
  Import took 0.006381 seconds .

========================================================================
Received Import Request.
  Time since last request: 5.674764 seconds.
  path: Assets/Cardmaker.cs
  artifactKey: Guid(e4d514f8aa622bc47a6c33ea12526077) Importer(815301076,1909f56bfc062723c751e8b465ee728b)
Start importing Assets/Cardmaker.cs using Guid(e4d514f8aa622bc47a6c33ea12526077) Importer(815301076,1909f56bfc062723c751e8b465ee728b)  -> (artifact id: '48659da4ca82999bc503d3176b889af0') in 0.003058 seconds
  Import took 0.006171 seconds .

========================================================================
Received Prepare
Registering precompiled user dll's ...
Registered in 0.001918 seconds.
Begin MonoManager ReloadAssembly
Native extension for WindowsStandalone target not found
Native extension for OSXStandalone target not found
Refreshing native plugins compatible for Editor in 0.31 ms, found 0 plugins.
Preloading 0 native plugins for Editor in 0.00 ms.
Invoked RoslynAnalysisRunner static constructor.
RoslynAnalysisRunner will not be running.
RoslynAnalysisRunner has terminated.
Mono: successfully reloaded assembly
- Completed reload, in  0.666 seconds
Platform modules already initialized, skipping
Refreshing native plugins compatible for Editor in 0.32 ms, found 0 plugins.
Preloading 0 native plugins for Editor in 0.00 ms.
Unloading 1514 Unused Serialized files (Serialized files now loaded: 0)
System memory in use before: 73.7 MB.
System memory in use after: 73.8 MB.

Unloading 14 unused Assets to reduce memory usage. Loaded Objects now: 2061.
Total: 2.008064 ms (FindLiveObjects: 0.259840 ms CreateObjectMapping: 0.075008 ms MarkObjects: 1.608448 ms  DeleteObjects: 0.063488 ms)

========================================================================
Received Import Request.
  Time since last request: 254.653998 seconds.
  path: Assets/resources/Equipment/Medicine Man.prefab
  artifactKey: Guid(cc8352b1f54b0f74fa0e5b8d0e714dc8) Importer(815301076,1909f56bfc062723c751e8b465ee728b)
Start importing Assets/resources/Equipment/Medicine Man.prefab using Guid(cc8352b1f54b0f74fa0e5b8d0e714dc8) Importer(815301076,1909f56bfc062723c751e8b465ee728b)  -> (artifact id: '841fb0c621bcaac606f1312bdc268e10') in 0.045143 seconds
  Import took 0.048245 seconds .

========================================================================
Received Import Request.
  Time since last request: 0.000288 seconds.
  path: Assets/resources/Equipment/Tangler.prefab
  artifactKey: Guid(7ccad9c2f586bbb48bcc79f020a9d32a) Importer(815301076,1909f56bfc062723c751e8b465ee728b)
Start importing Assets/resources/Equipment/Tangler.prefab using Guid(7ccad9c2f586bbb48bcc79f020a9d32a) Importer(815301076,1909f56bfc062723c751e8b465ee728b)  -> (artifact id: '459adbc3d10436fc01f02f3807ba1940') in 0.020219 seconds
  Import took 0.022787 seconds .

========================================================================
Received Import Request.
  Time since last request: 0.000260 seconds.
  path: Assets/resources/Equipment/Steroids.prefab
  artifactKey: Guid(706701739e54d5b42a64233653a32afe) Importer(815301076,1909f56bfc062723c751e8b465ee728b)
Start importing Assets/resources/Equipment/Steroids.prefab using Guid(706701739e54d5b42a64233653a32afe) Importer(815301076,1909f56bfc062723c751e8b465ee728b)  -> (artifact id: 'f603c31fafe6abecc28c01634eaff3a1') in 0.007987 seconds
  Import took 0.010877 seconds .

========================================================================
Received Import Request.
  Time since last request: 0.000322 seconds.
  path: Assets/resources/Equipment/Rocket Boots.prefab
  artifactKey: Guid(9e8efade0f642604c8f3d9fc510d0fee) Importer(815301076,1909f56bfc062723c751e8b465ee728b)
Start importing Assets/resources/Equipment/Rocket Boots.prefab using Guid(9e8efade0f642604c8f3d9fc510d0fee) Importer(815301076,1909f56bfc062723c751e8b465ee728b)  -> (artifact id: '55a4c33ba7b449b4d0fbdc1fc74df654') in 0.008438 seconds
  Import took 0.011149 seconds .

========================================================================
Received Import Request.
  Time since last request: 22.380265 seconds.
  path: Assets/UI/CardUI.cs
  artifactKey: Guid(e11e0cbcece73d647b050afc8304088d) Importer(815301076,1909f56bfc062723c751e8b465ee728b)
Start importing Assets/UI/CardUI.cs using Guid(e11e0cbcece73d647b050afc8304088d) Importer(815301076,1909f56bfc062723c751e8b465ee728b)  -> (artifact id: 'c6548ad71950276926d2189daebe1cf6') in 0.007109 seconds
  Import took 0.010240 seconds .

========================================================================
Received Import Request.
  Time since last request: 0.000641 seconds.
  path: Assets/UI/CardUI.cs
  artifactKey: Guid(e11e0cbcece73d647b050afc8304088d) Importer(815301076,1909f56bfc062723c751e8b465ee728b)
Start importing Assets/UI/CardUI.cs using Guid(e11e0cbcece73d647b050afc8304088d) Importer(815301076,1909f56bfc062723c751e8b465ee728b)  -> (artifact id: 'c6548ad71950276926d2189daebe1cf6') in 0.002968 seconds
  Import took 0.006279 seconds .

========================================================================
Received Import Request.
  Time since last request: 288.845729 seconds.
  path: Assets/Interfaces/Cardmaker.cs
  artifactKey: Guid(69e357ce053d5ca4ab05eb990be2df3a) Importer(815301076,1909f56bfc062723c751e8b465ee728b)
Start importing Assets/Interfaces/Cardmaker.cs using Guid(69e357ce053d5ca4ab05eb990be2df3a) Importer(815301076,1909f56bfc062723c751e8b465ee728b)  -> (artifact id: 'd6c9ed9f776ed7b5771c9c785b2b705a') in 0.003255 seconds
  Import took 0.006352 seconds .

========================================================================
Received Prepare
Registering precompiled user dll's ...
Registered in 0.001888 seconds.
Begin MonoManager ReloadAssembly
Native extension for WindowsStandalone target not found
Native extension for OSXStandalone target not found
Refreshing native plugins compatible for Editor in 0.32 ms, found 0 plugins.
Preloading 0 native plugins for Editor in 0.00 ms.
Invoked RoslynAnalysisRunner static constructor.
RoslynAnalysisRunner will not be running.
RoslynAnalysisRunner has terminated.
Mono: successfully reloaded assembly
- Completed reload, in  0.690 seconds
Platform modules already initialized, skipping
Refreshing native plugins compatible for Editor in 0.32 ms, found 0 plugins.
Preloading 0 native plugins for Editor in 0.00 ms.
Unloading 1514 Unused Serialized files (Serialized files now loaded: 0)
System memory in use before: 73.8 MB.
System memory in use after: 73.9 MB.

Unloading 13 unused Assets to reduce memory usage. Loaded Objects now: 2064.
Total: 1.864192 ms (FindLiveObjects: 0.212480 ms CreateObjectMapping: 0.046848 ms MarkObjects: 1.473024 ms  DeleteObjects: 0.131072 ms)

========================================================================
Received Import Request.
  Time since last request: 271.348184 seconds.
  path: Assets/Interfaces/Cardmaker.cs
  artifactKey: Guid(69e357ce053d5ca4ab05eb990be2df3a) Importer(815301076,1909f56bfc062723c751e8b465ee728b)
Start importing Assets/Interfaces/Cardmaker.cs using Guid(69e357ce053d5ca4ab05eb990be2df3a) Importer(815301076,1909f56bfc062723c751e8b465ee728b)  -> (artifact id: 'af285ce8156185eebed71a63b226cdba') in 0.005422 seconds
  Import took 0.008330 seconds .

========================================================================
Received Prepare
Registering precompiled user dll's ...
Registered in 0.001935 seconds.
Begin MonoManager ReloadAssembly
Native extension for WindowsStandalone target not found
Native extension for OSXStandalone target not found
Refreshing native plugins compatible for Editor in 0.37 ms, found 0 plugins.
Preloading 0 native plugins for Editor in 0.00 ms.
Invoked RoslynAnalysisRunner static constructor.
RoslynAnalysisRunner will not be running.
RoslynAnalysisRunner has terminated.
Mono: successfully reloaded assembly
- Completed reload, in  0.668 seconds
Platform modules already initialized, skipping
Refreshing native plugins compatible for Editor in 0.33 ms, found 0 plugins.
Preloading 0 native plugins for Editor in 0.00 ms.
Unloading 1514 Unused Serialized files (Serialized files now loaded: 0)
System memory in use before: 73.8 MB.
System memory in use after: 73.9 MB.

Unloading 13 unused Assets to reduce memory usage. Loaded Objects now: 2067.
Total: 2.320896 ms (FindLiveObjects: 0.205568 ms CreateObjectMapping: 0.128512 ms MarkObjects: 1.906432 ms  DeleteObjects: 0.079360 ms)

========================================================================
Received Prepare
Registering precompiled user dll's ...
Registered in 0.002077 seconds.
Begin MonoManager ReloadAssembly
Native extension for WindowsStandalone target not found
Native extension for OSXStandalone target not found
Refreshing native plugins compatible for Editor in 0.37 ms, found 0 plugins.
Preloading 0 native plugins for Editor in 0.00 ms.
Invoked RoslynAnalysisRunner static constructor.
RoslynAnalysisRunner will not be running.
RoslynAnalysisRunner has terminated.
Mono: successfully reloaded assembly
- Completed reload, in  0.700 seconds
Platform modules already initialized, skipping
Refreshing native plugins compatible for Editor in 0.31 ms, found 0 plugins.
Preloading 0 native plugins for Editor in 0.00 ms.
Unloading 1514 Unused Serialized files (Serialized files now loaded: 0)
System memory in use before: 73.7 MB.
System memory in use after: 73.8 MB.

Unloading 13 unused Assets to reduce memory usage. Loaded Objects now: 2070.
Total: 2.542848 ms (FindLiveObjects: 0.484352 ms CreateObjectMapping: 0.217344 ms MarkObjects: 1.765888 ms  DeleteObjects: 0.073984 ms)

========================================================================
Received Import Request.
  Time since last request: 663.516694 seconds.
  path: Assets/Interfaces/GameConstants.cs
  artifactKey: Guid(26a2a2f4f1ccb8d45aa43a9fac0dcc7d) Importer(815301076,1909f56bfc062723c751e8b465ee728b)
Start importing Assets/Interfaces/GameConstants.cs using Guid(26a2a2f4f1ccb8d45aa43a9fac0dcc7d) Importer(815301076,1909f56bfc062723c751e8b465ee728b)  -> (artifact id: '85ca00bb621622a9d54dd6c2c5423e2f') in 0.023016 seconds
  Import took 0.025642 seconds .

========================================================================
Received Prepare
Registering precompiled user dll's ...
Registered in 0.001858 seconds.
Begin MonoManager ReloadAssembly
Native extension for WindowsStandalone target not found
Native extension for OSXStandalone target not found
Refreshing native plugins compatible for Editor in 0.31 ms, found 0 plugins.
Preloading 0 native plugins for Editor in 0.00 ms.
Invoked RoslynAnalysisRunner static constructor.
RoslynAnalysisRunner will not be running.
RoslynAnalysisRunner has terminated.
Mono: successfully reloaded assembly
- Completed reload, in  0.679 seconds
Platform modules already initialized, skipping
Refreshing native plugins compatible for Editor in 0.29 ms, found 0 plugins.
Preloading 0 native plugins for Editor in 0.00 ms.
Unloading 1514 Unused Serialized files (Serialized files now loaded: 0)
System memory in use before: 73.7 MB.
System memory in use after: 73.8 MB.

Unloading 13 unused Assets to reduce memory usage. Loaded Objects now: 2073.
Total: 1.949184 ms (FindLiveObjects: 0.223232 ms CreateObjectMapping: 0.128256 ms MarkObjects: 1.502208 ms  DeleteObjects: 0.094720 ms)

AssetImportWorkerClient::OnTransportError - code=2 error=End of file
